Database connection error: Error: connect ECONNREFUSED 127.0.0.1:5432
    at /mnt/c/Development/React/steelapp/steelappbe/node_modules/pg-pool/index.js:45:11
    at process.processTicksAndRejections (node:internal/process/task_queues:105:5)
    at async initDatabase (/mnt/c/Development/React/steelapp/steelappbe/config/database.js:16:20)
    at async startServer (/mnt/c/Development/React/steelapp/steelappbe/server.js:73:5) {
  errno: -111,
  code: 'ECONNREFUSED',
  syscall: 'connect',
  address: '127.0.0.1',
  port: 5432
}
Failed to start server: Error: connect ECONNREFUSED 127.0.0.1:5432
    at /mnt/c/Development/React/steelapp/steelappbe/node_modules/pg-pool/index.js:45:11
    at process.processTicksAndRejections (node:internal/process/task_queues:105:5)
    at async initDatabase (/mnt/c/Development/React/steelapp/steelappbe/config/database.js:16:20)
    at async startServer (/mnt/c/Development/React/steelapp/steelappbe/server.js:73:5) {
  errno: -111,
  code: 'ECONNREFUSED',
  syscall: 'connect',
  address: '127.0.0.1',
  port: 5432
}
